This is e-pTeX, Version 3.14159265-p3.8.2-190131-2.6 (utf8.sjis) (TeX Live 2019/W32TeX) (preloaded format=platex 2019.9.10)  20 SEP 2019 15:02
entering extended mode
 restricted \write18 enabled.
 %&-line parsing enabled.
**thesis_fose2019.tex
(./thesis_fose2019.tex
pLaTeX2e <2019-04-06> (based on LaTeX2e <2018-12-01>)
(./fose2019.cls
Document Class: fose2019 2019/03/21 ver 1.00
\@maxsep=\dimen118
\@dblmaxsep=\dimen119
(./fose2019.sty
\Q=\skip41
\@mojihaba=\dimen120
)
\c@part=\count83
\c@section=\count84
\c@subsection=\count85
\c@subsubsection=\count86
\c@paragraph=\count87
\c@subparagraph=\count88
\@currentmojihaba=\skip42
\twodigits=\skip43
\@beforecaptionskip=\skip44
\@aftercaptionskip=\skip45
\@tempboxb=\box43
\c@figure=\count89
\c@table=\count90
\@floatheight=\dimen121
\@floatlinecount=\count91
\c@volpage=\count92
\c@volpageoffset=\count93
\dimen@@=\dimen122
\@interlinegap=\skip46
\@leftcolumnfootnote=\box44
\@rightcolumnfootnote=\box45
\adjustbox=\box46
\adjustheight=\dimen123
\adjustlinecount=\count94
) (c:/texlive/2019/texmf-dist/tex/latex/graphics/graphicx.sty
Package: graphicx 2017/06/01 v1.1a Enhanced LaTeX Graphics (DPC,SPQR)

(c:/texlive/2019/texmf-dist/tex/latex/graphics/keyval.sty
Package: keyval 2014/10/28 v1.15 key=value parser (DPC)
\KV@toks@=\toks15
)
(c:/texlive/2019/texmf-dist/tex/latex/graphics/graphics.sty
Package: graphics 2017/06/25 v1.2c Standard LaTeX Graphics (DPC,SPQR)

(c:/texlive/2019/texmf-dist/tex/latex/graphics/trig.sty
Package: trig 2016/01/03 v1.10 sin cos tan (DPC)
)
(c:/texlive/2019/texmf-dist/tex/latex/graphics-cfg/graphics.cfg
File: graphics.cfg 2016/06/04 v1.11 sample graphics configuration
)
Package graphics Info: Driver file: dvipdfmx.def on input line 99.

(c:/texlive/2019/texmf-dist/tex/latex/graphics-def/dvipdfmx.def
File: dvipdfmx.def 2017/06/24 v5.0g Graphics/color driver for dvipdfmx
))
\Gin@req@height=\dimen124
\Gin@req@width=\dimen125
)
(c:/texlive/2019/texmf-dist/tex/latex/comment/comment.sty
\CommentStream=\write3

Excluding comment 'comment')
(c:/texlive/2019/texmf-dist/tex/latex/multirow/multirow.sty
Package: multirow 2019/01/01 v2.4 Span multiple rows of a table
\multirow@colwidth=\skip47
\multirow@cntb=\count95
\multirow@dima=\skip48
\bigstrutjot=\dimen126
)
(c:/texlive/2019/texmf-dist/tex/latex/tools/tabularx.sty
Package: tabularx 2016/02/03 v2.11b `tabularx' package (DPC)

(c:/texlive/2019/texmf-dist/tex/latex/tools/array.sty
Package: array 2018/12/30 v2.4k Tabular extension package (FMi)
\col@sep=\dimen127
\ar@mcellbox=\box47
\extrarowheight=\dimen128
\NC@list=\toks16
\extratabsurround=\skip49
\backup@length=\skip50
\ar@cellbox=\box48
)
\TX@col@width=\dimen129
\TX@old@table=\dimen130
\TX@old@col=\dimen131
\TX@target=\dimen132
\TX@delta=\dimen133
\TX@cols=\count96
\TX@ftn=\toks17
) (./thesis_fose2019.aux)
\openout1 = `thesis_fose2019.aux'.

LaTeX Font Info:    Checking defaults for OML/cmm/m/it on input line 25.
LaTeX Font Info:    ... okay on input line 25.
LaTeX Font Info:    Checking defaults for T1/cmr/m/n on input line 25.
LaTeX Font Info:    ... okay on input line 25.
LaTeX Font Info:    Checking defaults for OT1/cmr/m/n on input line 25.
LaTeX Font Info:    ... okay on input line 25.
LaTeX Font Info:    Checking defaults for OMS/cmsy/m/n on input line 25.
LaTeX Font Info:    ... okay on input line 25.
LaTeX Font Info:    Checking defaults for OMX/cmex/m/n on input line 25.
LaTeX Font Info:    ... okay on input line 25.
LaTeX Font Info:    Checking defaults for U/cmr/m/n on input line 25.
LaTeX Font Info:    ... okay on input line 25.
LaTeX Font Info:    Checking defaults for JY1/mc/m/n on input line 25.
LaTeX Font Info:    ... okay on input line 25.
LaTeX Font Info:    Checking defaults for JT1/mc/m/n on input line 25.
LaTeX Font Info:    ... okay on input line 25.
LaTeX Font Info:    Font shape `JT1/mc/bx/n' in size <17.28> not available
(Font)              Font shape `JT1/gt/m/n' tried instead on input line 27.
LaTeX Font Info:    Font shape `JY1/mc/bx/n' in size <17.28> not available
(Font)              Font shape `JY1/gt/m/n' tried instead on input line 27.
LaTeX Font Info:    Font shape `JT1/mc/bx/n' in size <10.95> not available
(Font)              Font shape `JT1/gt/m/n' tried instead on input line 27.
LaTeX Font Info:    Font shape `JY1/mc/bx/n' in size <10.95> not available
(Font)              Font shape `JY1/gt/m/n' tried instead on input line 27.
LaTeX Font Info:    Font shape `JT1/mc/bx/n' in size <14.4> not available
(Font)              Font shape `JT1/gt/m/n' tried instead on input line 27.
LaTeX Font Info:    Font shape `JY1/mc/bx/n' in size <14.4> not available
(Font)              Font shape `JY1/gt/m/n' tried instead on input line 27.
LaTeX Font Info:    External font `cmex10' loaded for size
(Font)              <14.4> on input line 27.
LaTeX Font Info:    External font `cmex10' loaded for size
(Font)              <7> on input line 27.
LaTeX Font Info:    External font `cmex10' loaded for size
(Font)              <9> on input line 27.
LaTeX Font Info:    External font `cmex10' loaded for size
(Font)              <6> on input line 27.
LaTeX Font Info:    External font `cmex10' loaded for size
(Font)              <5> on input line 27.
LaTeX Font Info:    Font shape `JT1/mc/bx/n' in size <10> not available
(Font)              Font shape `JT1/gt/m/n' tried instead on input line 30.
LaTeX Font Info:    Font shape `JY1/mc/bx/n' in size <10> not available
(Font)              Font shape `JY1/gt/m/n' tried instead on input line 30.
LaTeX Font Info:    External font `cmex10' loaded for size
(Font)              <10.95> on input line 32.
LaTeX Font Info:    External font `cmex10' loaded for size
(Font)              <8> on input line 32.

Overfull \vbox (1.2871pt too high) detected at line 32
 []

LaTeX Font Info:    Font shape `JT1/mc/bx/n' in size <12> not available
(Font)              Font shape `JT1/gt/m/n' tried instead on input line 34.
LaTeX Font Info:    Font shape `JY1/mc/bx/n' in size <12> not available
(Font)              Font shape `JY1/gt/m/n' tried instead on input line 34.
Sorry, I don't know how to forget kinsoku rules.
Excluding 'comment' comment.
Sorry, I don't know how to forget kinsoku rules.
Sorry, I don't know how to forget kinsoku rules.
Excluding 'comment' comment.

LaTeX Warning: No positions in optional float specifier.
               Default added (so using `tbp') on input line 67.

LaTeX Font Info:    Font shape `JT1/mc/bx/n' in size <9> not available
(Font)              Font shape `JT1/gt/m/n' tried instead on input line 69.
LaTeX Font Info:    Font shape `JY1/mc/bx/n' in size <9> not available
(Font)              Font shape `JY1/gt/m/n' tried instead on input line 69.

LaTeX Warning: No positions in optional float specifier.
               Default added (so using `tbp') on input line 82.

Sorry, I don't know how to forget kinsoku rules.
[1]
Sorry, I don't know how to forget kinsoku rules.
Sorry, I don't know how to forget kinsoku rules.

LaTeX Font Warning: Font shape `JT1/mc/m/it' undefined
(Font)              using `JT1/mc/m/n' instead on input line 111.


LaTeX Font Warning: Font shape `JY1/mc/m/it' undefined
(Font)              using `JY1/mc/m/n' instead on input line 111.

[2] [3] (./thesis_fose2019.aux) ) 
Here is how much of TeX's memory you used:
 888 strings out of 493230
 10987 string characters out of 6147555
 87123 words of memory out of 5000000
 4907 multiletter control sequences out of 15000+600000
 18566 words of font info for 71 fonts, out of 8000000 for 9000
 929 hyphenation exceptions out of 8191
 25i,16n,26p,661b,341s stack positions out of 5000i,500n,10000p,200000b,80000s

Output written on thesis_fose2019.dvi (3 pages, 13460 bytes).
